[debug] [2024-08-28T18:51:16.832Z] ----------------------------------------------------------------------
[debug] [2024-08-28T18:51:16.835Z] Command:       C:\Program Files\nodejs\node.exe C:\Users\fancy\AppData\Roaming\npm\node_modules\firebase-tools\lib\bin\firebase.js init
[debug] [2024-08-28T18:51:16.836Z] CLI Version:   13.16.0
[debug] [2024-08-28T18:51:16.836Z] Platform:      win32
[debug] [2024-08-28T18:51:16.836Z] Node Version:  v20.10.0
[debug] [2024-08-28T18:51:16.836Z] Time:          Thu Aug 29 2024 00:21:16 GMT+0530 (India Standard Time)
[debug] [2024-08-28T18:51:16.836Z] ----------------------------------------------------------------------
[debug] 
[debug] [2024-08-28T18:51:16.844Z] > command requires scopes: ["email","openid","https://www.googleapis.com/auth/cloudplatformprojects.readonly","https://www.googleapis.com/auth/firebase","https://www.googleapis.com/auth/cloud-platform"]
[debug] [2024-08-28T18:51:16.844Z] > authorizing via signed-in user (darrendsouza7273@gmail.com)
[info] 
     ######## #### ########  ######## ########     ###     ######  ########
     ##        ##  ##     ## ##       ##     ##  ##   ##  ##       ##
     ######    ##  ########  ######   ########  #########  ######  ######
     ##        ##  ##    ##  ##       ##     ## ##     ##       ## ##
     ##       #### ##     ## ######## ########  ##     ##  ######  ########

You're about to initialize a Firebase project in this directory:

  C:\Users\fancy\OneDrive\Desktop\chakra-ui\horizon-ui-chakra

[info] 
=== Project Setup
[info] 
[info] First, let's associate this project directory with a Firebase project.
[info] You can create multiple project aliases by running firebase use --add, 
[info] but for now we'll just set up a default project.
[info] 
[debug] [2024-08-28T18:51:28.960Z] >>> [apiv2][query] GET https://firebase.googleapis.com/v1beta1/projects pageSize=100
[debug] [2024-08-28T18:51:30.013Z] <<< [apiv2][status] GET https://firebase.googleapis.com/v1beta1/projects 200
[debug] [2024-08-28T18:51:30.013Z] <<< [apiv2][body] GET https://firebase.googleapis.com/v1beta1/projects [omitted]
[info] i  Using project teammav629 (teamMav629) 
[info] 
=== Hosting Setup
[debug] [2024-08-28T18:51:42.752Z] >>> [apiv2][query] GET https://firebase.googleapis.com/v1beta1/projects/teammav629 [none]
[debug] [2024-08-28T18:51:43.403Z] <<< [apiv2][status] GET https://firebase.googleapis.com/v1beta1/projects/teammav629 200
[debug] [2024-08-28T18:51:43.404Z] <<< [apiv2][body] GET https://firebase.googleapis.com/v1beta1/projects/teammav629 {"projectId":"teammav629","projectNumber":"724374315870","displayName":"teamMav629","name":"projects/teammav629","resources":{"hostingSite":"teammav629"},"state":"ACTIVE","etag":"1_6297170a-9546-4a8f-bf60-f32a67908994"}
[info] 
[info] Your public directory is the folder (relative to your project directory) that
[info] will contain Hosting assets to be uploaded with firebase deploy. If you
[info] have a build process for your assets, use your build's output directory.
[info] 
